Exporter version: 6.4.5, Blender version: 2.90.1
========= Conversion from Blender to Babylon.js =========
	Scene settings used :
		Inline textures     :  false
		Material Type       :  PBR
		Positions Precision :  4
		Normals Precision   :  3
		UVs Precision       :  3
		Vert Color Precision:  3
		Mat Weight Precision:  2
		Keep Z-up r-handed  :  no
		Texture directory   :  C:\Users\jocelyn\Desktop\.cse218-118\CSE_218_118_Fa20_Team_N\server\src\assets\mazes\
	Python World class constructor completed
	WARNING: The following camera not visible in scene thus ignored: Camera
	processing begun of mesh:  Plane
		animation processing begun
			processing action PlaneAction:  in[1 - 1], out[0 - 1]
		processing begun of material:  Material.001
		processing begun of material:  Material.002
		processing begun of multimaterial:  hardMaze.Multimaterial#0
		num positions      :  1397
		num normals        :  1397
		num tangents       :  0
		num uvs            :  2794
		num uvs2           :  0
		num colors         :  0
		num triangles      :  730
	processing begun of light (POINT):  Light
========= Writing of JSON file started =========
	writing mesh:  Plane
========= Writing of JSON file completed =========
========= end of processing =========
elapsed time:  0 min, 0.2384 secs
